<?xml version="1.0" encoding="UTF-8"?>
<!-- Generated by org.testng.reporters.JUnitReportReporter -->
<testsuite hostname="AG300617-5" name="RecruiterLogin.calling" tests="1" failures="0" timestamp="28 Aug 2017 07:09:45 GMT" time="68.845" errors="0">
  <testcase name="g" time="68.845" classname="RecruiterLogin.calling"/>
</testsuite> <!-- RecruiterLogin.calling -->
